2017-11-13 22:26:41 [scrapy.utils.log] INFO: Scrapy 1.3.3 started (bot: naver_wranking)
2017-11-13 22:26:41 [scrapy.utils.log] INFO: Overridden settings: {'BOT_NAME': 'naver_wranking', 'LOG_FILE': 'logfile.log', 'NEWSPIDER_MODULE': 'naver_wranking.spiders', 'SPIDER_MODULES': ['naver_wranking.spiders'], 'LOG_LEVEL': 20}
2017-11-13 22:26:41 [scrapy.middleware] INFO: Enabled extensions:
['scrapy.extensions.logstats.LogStats',
 'scrapy.extensions.corestats.CoreStats',
 'scrapy.extensions.telnet.TelnetConsole']
2017-11-13 22:26:41 [scrapy.middleware] INFO: Enabled downloader middlewares:
['scrapy.downloadermiddlewares.httpauth.HttpAuthMiddleware',
 'scrapy.downloadermiddlewares.downloadtimeout.DownloadTimeoutMiddleware',
 'scrapy.downloadermiddlewares.defaultheaders.DefaultHeadersMiddleware',
 'scrapy.downloadermiddlewares.useragent.UserAgentMiddleware',
 'scrapy.downloadermiddlewares.retry.RetryMiddleware',
 'scrapy.downloadermiddlewares.redirect.MetaRefreshMiddleware',
 'scrapy.downloadermiddlewares.httpcompression.HttpCompressionMiddleware',
 'scrapy.downloadermiddlewares.redirect.RedirectMiddleware',
 'scrapy.downloadermiddlewares.cookies.CookiesMiddleware',
 'scrapy.downloadermiddlewares.stats.DownloaderStats']
2017-11-13 22:26:41 [scrapy.middleware] INFO: Enabled spider middlewares:
['scrapy.spidermiddlewares.httperror.HttpErrorMiddleware',
 'scrapy.spidermiddlewares.offsite.OffsiteMiddleware',
 'scrapy.spidermiddlewares.referer.RefererMiddleware',
 'scrapy.spidermiddlewares.urllength.UrlLengthMiddleware',
 'scrapy.spidermiddlewares.depth.DepthMiddleware']
2017-11-13 22:26:41 [scrapy.middleware] INFO: Enabled item pipelines:
['naver_wranking.pipelines.CsvExportPipeline']
2017-11-13 22:26:41 [scrapy.core.engine] INFO: Spider opened
2017-11-13 22:26:41 [scrapy.extensions.logstats] INFO: Crawled 0 pages (at 0 pages/min), scraped 0 items (at 0 items/min)
2017-11-13 22:26:58 [scrapy.core.engine] INFO: Closing spider (finished)
2017-11-13 22:26:58 [scrapy.statscollectors] INFO: Dumping Scrapy stats:
{'downloader/request_bytes': 268040,
 'downloader/request_count': 484,
 'downloader/request_method_count/GET': 484,
 'downloader/response_bytes': 12421522,
 'downloader/response_count': 484,
 'downloader/response_status_count/200': 473,
 'downloader/response_status_count/302': 11,
 'dupefilter/filtered': 2,
 'finish_reason': 'finished',
 'finish_time': datetime.datetime(2017, 11, 13, 13, 26, 58, 361969),
 'item_scraped_count': 457,
 'log_count/INFO': 7,
 'request_depth_max': 1,
 'response_received_count': 473,
 'scheduler/dequeued': 484,
 'scheduler/dequeued/memory': 484,
 'scheduler/enqueued': 484,
 'scheduler/enqueued/memory': 484,
 'start_time': datetime.datetime(2017, 11, 13, 13, 26, 41, 542146)}
2017-11-13 22:26:58 [scrapy.core.engine] INFO: Spider closed (finished)
2017-11-13 22:27:54 [scrapy.utils.log] INFO: Scrapy 1.3.3 started (bot: naver_wranking)
2017-11-13 22:27:54 [scrapy.utils.log] INFO: Overridden settings: {'BOT_NAME': 'naver_wranking', 'SPIDER_MODULES': ['naver_wranking.spiders'], 'LOG_LEVEL': 20, 'LOG_FILE': 'logfile.log', 'NEWSPIDER_MODULE': 'naver_wranking.spiders'}
2017-11-13 22:27:54 [scrapy.middleware] INFO: Enabled extensions:
['scrapy.extensions.logstats.LogStats',
 'scrapy.extensions.corestats.CoreStats',
 'scrapy.extensions.telnet.TelnetConsole']
2017-11-13 22:27:54 [scrapy.middleware] INFO: Enabled downloader middlewares:
['scrapy.downloadermiddlewares.httpauth.HttpAuthMiddleware',
 'scrapy.downloadermiddlewares.downloadtimeout.DownloadTimeoutMiddleware',
 'scrapy.downloadermiddlewares.defaultheaders.DefaultHeadersMiddleware',
 'scrapy.downloadermiddlewares.useragent.UserAgentMiddleware',
 'scrapy.downloadermiddlewares.retry.RetryMiddleware',
 'scrapy.downloadermiddlewares.redirect.MetaRefreshMiddleware',
 'scrapy.downloadermiddlewares.httpcompression.HttpCompressionMiddleware',
 'scrapy.downloadermiddlewares.redirect.RedirectMiddleware',
 'scrapy.downloadermiddlewares.cookies.CookiesMiddleware',
 'scrapy.downloadermiddlewares.stats.DownloaderStats']
2017-11-13 22:27:54 [scrapy.middleware] INFO: Enabled spider middlewares:
['scrapy.spidermiddlewares.httperror.HttpErrorMiddleware',
 'scrapy.spidermiddlewares.offsite.OffsiteMiddleware',
 'scrapy.spidermiddlewares.referer.RefererMiddleware',
 'scrapy.spidermiddlewares.urllength.UrlLengthMiddleware',
 'scrapy.spidermiddlewares.depth.DepthMiddleware']
2017-11-13 22:27:54 [scrapy.middleware] INFO: Enabled item pipelines:
['naver_wranking.pipelines.CsvExportPipeline']
2017-11-13 22:27:54 [scrapy.core.engine] INFO: Spider opened
2017-11-13 22:27:54 [scrapy.extensions.logstats] INFO: Crawled 0 pages (at 0 pages/min), scraped 0 items (at 0 items/min)
2017-11-13 22:28:03 [scrapy.core.engine] INFO: Closing spider (finished)
2017-11-13 22:28:03 [scrapy.statscollectors] INFO: Dumping Scrapy stats:
{'downloader/request_bytes': 132215,
 'downloader/request_count': 238,
 'downloader/request_method_count/GET': 238,
 'downloader/response_bytes': 7338450,
 'downloader/response_count': 238,
 'downloader/response_status_count/200': 238,
 'finish_reason': 'finished',
 'finish_time': datetime.datetime(2017, 11, 13, 13, 28, 3, 848634),
 'item_scraped_count': 230,
 'log_count/INFO': 7,
 'request_depth_max': 1,
 'response_received_count': 238,
 'scheduler/dequeued': 238,
 'scheduler/dequeued/memory': 238,
 'scheduler/enqueued': 238,
 'scheduler/enqueued/memory': 238,
 'start_time': datetime.datetime(2017, 11, 13, 13, 27, 54, 249682)}
2017-11-13 22:28:03 [scrapy.core.engine] INFO: Spider closed (finished)
