2017-11-08 16:14:25 [scrapy.utils.log] INFO: Scrapy 1.3.3 started (bot: naver_ranking)
2017-11-08 16:14:25 [scrapy.utils.log] INFO: Overridden settings: {'BOT_NAME': 'naver_ranking', 'SPIDER_MODULES': ['naver_ranking.spiders'], 'LOG_LEVEL': 20, 'NEWSPIDER_MODULE': 'naver_ranking.spiders', 'LOG_FILE': 'logfile.log'}
2017-11-08 16:14:25 [scrapy.middleware] INFO: Enabled extensions:
['scrapy.extensions.corestats.CoreStats',
 'scrapy.extensions.logstats.LogStats',
 'scrapy.extensions.telnet.TelnetConsole']
2017-11-08 16:14:25 [scrapy.middleware] INFO: Enabled downloader middlewares:
['scrapy.downloadermiddlewares.httpauth.HttpAuthMiddleware',
 'scrapy.downloadermiddlewares.downloadtimeout.DownloadTimeoutMiddleware',
 'scrapy.downloadermiddlewares.defaultheaders.DefaultHeadersMiddleware',
 'scrapy.downloadermiddlewares.useragent.UserAgentMiddleware',
 'scrapy.downloadermiddlewares.retry.RetryMiddleware',
 'scrapy.downloadermiddlewares.redirect.MetaRefreshMiddleware',
 'scrapy.downloadermiddlewares.httpcompression.HttpCompressionMiddleware',
 'scrapy.downloadermiddlewares.redirect.RedirectMiddleware',
 'scrapy.downloadermiddlewares.cookies.CookiesMiddleware',
 'scrapy.downloadermiddlewares.stats.DownloaderStats']
2017-11-08 16:14:25 [scrapy.middleware] INFO: Enabled spider middlewares:
['scrapy.spidermiddlewares.httperror.HttpErrorMiddleware',
 'scrapy.spidermiddlewares.offsite.OffsiteMiddleware',
 'scrapy.spidermiddlewares.referer.RefererMiddleware',
 'scrapy.spidermiddlewares.urllength.UrlLengthMiddleware',
 'scrapy.spidermiddlewares.depth.DepthMiddleware']
2017-11-08 16:14:25 [scrapy.middleware] INFO: Enabled item pipelines:
['naver_ranking.pipelines.CsvExportPipeline']
2017-11-08 16:14:25 [scrapy.core.engine] INFO: Spider opened
2017-11-08 16:14:25 [scrapy.extensions.logstats] INFO: Crawled 0 pages (at 0 pages/min), scraped 0 items (at 0 items/min)
2017-11-08 16:14:42 [scrapy.core.engine] INFO: Closing spider (finished)
2017-11-08 16:14:42 [scrapy.statscollectors] INFO: Dumping Scrapy stats:
{'downloader/request_bytes': 203294,
 'downloader/request_count': 556,
 'downloader/request_method_count/GET': 556,
 'downloader/response_bytes': 12676823,
 'downloader/response_count': 556,
 'downloader/response_status_count/200': 496,
 'downloader/response_status_count/301': 60,
 'finish_reason': 'finished',
 'finish_time': datetime.datetime(2017, 11, 8, 7, 14, 42, 271434),
 'item_scraped_count': 480,
 'log_count/INFO': 7,
 'request_depth_max': 1,
 'response_received_count': 496,
 'scheduler/dequeued': 556,
 'scheduler/dequeued/memory': 556,
 'scheduler/enqueued': 556,
 'scheduler/enqueued/memory': 556,
 'start_time': datetime.datetime(2017, 11, 8, 7, 14, 25, 711595)}
2017-11-08 16:14:42 [scrapy.core.engine] INFO: Spider closed (finished)
2017-11-10 00:44:56 [scrapy.utils.log] INFO: Scrapy 1.3.3 started (bot: naver_ranking)
2017-11-10 00:44:56 [scrapy.utils.log] INFO: Overridden settings: {'NEWSPIDER_MODULE': 'naver_ranking.spiders', 'SPIDER_MODULES': ['naver_ranking.spiders'], 'LOG_FILE': 'logfile.log', 'BOT_NAME': 'naver_ranking', 'LOG_LEVEL': 20}
2017-11-10 00:44:56 [scrapy.middleware] INFO: Enabled extensions:
['scrapy.extensions.corestats.CoreStats',
 'scrapy.extensions.logstats.LogStats',
 'scrapy.extensions.telnet.TelnetConsole']
2017-11-10 00:44:56 [scrapy.middleware] INFO: Enabled downloader middlewares:
['scrapy.downloadermiddlewares.httpauth.HttpAuthMiddleware',
 'scrapy.downloadermiddlewares.downloadtimeout.DownloadTimeoutMiddleware',
 'scrapy.downloadermiddlewares.defaultheaders.DefaultHeadersMiddleware',
 'scrapy.downloadermiddlewares.useragent.UserAgentMiddleware',
 'scrapy.downloadermiddlewares.retry.RetryMiddleware',
 'scrapy.downloadermiddlewares.redirect.MetaRefreshMiddleware',
 'scrapy.downloadermiddlewares.httpcompression.HttpCompressionMiddleware',
 'scrapy.downloadermiddlewares.redirect.RedirectMiddleware',
 'scrapy.downloadermiddlewares.cookies.CookiesMiddleware',
 'scrapy.downloadermiddlewares.stats.DownloaderStats']
2017-11-10 00:44:56 [scrapy.middleware] INFO: Enabled spider middlewares:
['scrapy.spidermiddlewares.httperror.HttpErrorMiddleware',
 'scrapy.spidermiddlewares.offsite.OffsiteMiddleware',
 'scrapy.spidermiddlewares.referer.RefererMiddleware',
 'scrapy.spidermiddlewares.urllength.UrlLengthMiddleware',
 'scrapy.spidermiddlewares.depth.DepthMiddleware']
2017-11-10 00:44:56 [scrapy.middleware] INFO: Enabled item pipelines:
['naver_ranking.pipelines.CsvExportPipeline']
2017-11-10 00:44:56 [scrapy.core.engine] INFO: Spider opened
2017-11-10 00:44:56 [scrapy.extensions.logstats] INFO: Crawled 0 pages (at 0 pages/min), scraped 0 items (at 0 items/min)
2017-11-10 00:45:11 [scrapy.core.engine] INFO: Closing spider (finished)
2017-11-10 00:45:11 [scrapy.statscollectors] INFO: Dumping Scrapy stats:
{'downloader/request_bytes': 203294,
 'downloader/request_count': 556,
 'downloader/request_method_count/GET': 556,
 'downloader/response_bytes': 13176689,
 'downloader/response_count': 556,
 'downloader/response_status_count/200': 496,
 'downloader/response_status_count/301': 60,
 'finish_reason': 'finished',
 'finish_time': datetime.datetime(2017, 11, 9, 15, 45, 11, 805655),
 'item_scraped_count': 480,
 'log_count/INFO': 7,
 'request_depth_max': 1,
 'response_received_count': 496,
 'scheduler/dequeued': 556,
 'scheduler/dequeued/memory': 556,
 'scheduler/enqueued': 556,
 'scheduler/enqueued/memory': 556,
 'start_time': datetime.datetime(2017, 11, 9, 15, 44, 56, 924427)}
2017-11-10 00:45:11 [scrapy.core.engine] INFO: Spider closed (finished)
2017-11-10 00:54:25 [scrapy.utils.log] INFO: Scrapy 1.3.3 started (bot: naver_ranking)
2017-11-10 00:54:25 [scrapy.utils.log] INFO: Overridden settings: {'NEWSPIDER_MODULE': 'naver_ranking.spiders', 'SPIDER_MODULES': ['naver_ranking.spiders'], 'LOG_FILE': 'logfile.log', 'LOG_LEVEL': 20, 'BOT_NAME': 'naver_ranking'}
2017-11-10 00:54:25 [scrapy.middleware] INFO: Enabled extensions:
['scrapy.extensions.logstats.LogStats',
 'scrapy.extensions.telnet.TelnetConsole',
 'scrapy.extensions.corestats.CoreStats']
2017-11-10 00:54:25 [scrapy.middleware] INFO: Enabled downloader middlewares:
['scrapy.downloadermiddlewares.httpauth.HttpAuthMiddleware',
 'scrapy.downloadermiddlewares.downloadtimeout.DownloadTimeoutMiddleware',
 'scrapy.downloadermiddlewares.defaultheaders.DefaultHeadersMiddleware',
 'scrapy.downloadermiddlewares.useragent.UserAgentMiddleware',
 'scrapy.downloadermiddlewares.retry.RetryMiddleware',
 'scrapy.downloadermiddlewares.redirect.MetaRefreshMiddleware',
 'scrapy.downloadermiddlewares.httpcompression.HttpCompressionMiddleware',
 'scrapy.downloadermiddlewares.redirect.RedirectMiddleware',
 'scrapy.downloadermiddlewares.cookies.CookiesMiddleware',
 'scrapy.downloadermiddlewares.stats.DownloaderStats']
2017-11-10 00:54:25 [scrapy.middleware] INFO: Enabled spider middlewares:
['scrapy.spidermiddlewares.httperror.HttpErrorMiddleware',
 'scrapy.spidermiddlewares.offsite.OffsiteMiddleware',
 'scrapy.spidermiddlewares.referer.RefererMiddleware',
 'scrapy.spidermiddlewares.urllength.UrlLengthMiddleware',
 'scrapy.spidermiddlewares.depth.DepthMiddleware']
2017-11-10 00:54:25 [scrapy.middleware] INFO: Enabled item pipelines:
['naver_ranking.pipelines.CsvExportPipeline']
2017-11-10 00:54:25 [scrapy.core.engine] INFO: Spider opened
2017-11-10 00:54:25 [scrapy.extensions.logstats] INFO: Crawled 0 pages (at 0 pages/min), scraped 0 items (at 0 items/min)
2017-11-10 00:54:40 [scrapy.core.engine] INFO: Closing spider (finished)
2017-11-10 00:54:40 [scrapy.statscollectors] INFO: Dumping Scrapy stats:
{'downloader/request_bytes': 203294,
 'downloader/request_count': 556,
 'downloader/request_method_count/GET': 556,
 'downloader/response_bytes': 13178600,
 'downloader/response_count': 556,
 'downloader/response_status_count/200': 496,
 'downloader/response_status_count/301': 60,
 'finish_reason': 'finished',
 'finish_time': datetime.datetime(2017, 11, 9, 15, 54, 40, 770040),
 'item_scraped_count': 480,
 'log_count/INFO': 7,
 'request_depth_max': 1,
 'response_received_count': 496,
 'scheduler/dequeued': 556,
 'scheduler/dequeued/memory': 556,
 'scheduler/enqueued': 556,
 'scheduler/enqueued/memory': 556,
 'start_time': datetime.datetime(2017, 11, 9, 15, 54, 25, 604121)}
2017-11-10 00:54:40 [scrapy.core.engine] INFO: Spider closed (finished)
2017-11-10 10:56:40 [scrapy.utils.log] INFO: Scrapy 1.3.3 started (bot: naver_ranking)
2017-11-10 10:56:40 [scrapy.utils.log] INFO: Overridden settings: {'LOGSTATS_INTERVAL': 0, 'DUPEFILTER_CLASS': 'scrapy.dupefilters.BaseDupeFilter', 'LOG_FILE': 'logfile.log', 'LOG_LEVEL': 20, 'NEWSPIDER_MODULE': 'naver_ranking.spiders', 'SPIDER_MODULES': ['naver_ranking.spiders'], 'BOT_NAME': 'naver_ranking'}
2017-11-10 10:56:40 [scrapy.middleware] INFO: Enabled extensions:
['scrapy.extensions.telnet.TelnetConsole',
 'scrapy.extensions.corestats.CoreStats']
2017-11-10 10:56:40 [scrapy.middleware] INFO: Enabled downloader middlewares:
['scrapy.downloadermiddlewares.httpauth.HttpAuthMiddleware',
 'scrapy.downloadermiddlewares.downloadtimeout.DownloadTimeoutMiddleware',
 'scrapy.downloadermiddlewares.defaultheaders.DefaultHeadersMiddleware',
 'scrapy.downloadermiddlewares.useragent.UserAgentMiddleware',
 'scrapy.downloadermiddlewares.retry.RetryMiddleware',
 'scrapy.downloadermiddlewares.redirect.MetaRefreshMiddleware',
 'scrapy.downloadermiddlewares.httpcompression.HttpCompressionMiddleware',
 'scrapy.downloadermiddlewares.redirect.RedirectMiddleware',
 'scrapy.downloadermiddlewares.cookies.CookiesMiddleware',
 'scrapy.downloadermiddlewares.stats.DownloaderStats']
2017-11-10 10:56:40 [scrapy.middleware] INFO: Enabled spider middlewares:
['scrapy.spidermiddlewares.httperror.HttpErrorMiddleware',
 'scrapy.spidermiddlewares.offsite.OffsiteMiddleware',
 'scrapy.spidermiddlewares.referer.RefererMiddleware',
 'scrapy.spidermiddlewares.urllength.UrlLengthMiddleware',
 'scrapy.spidermiddlewares.depth.DepthMiddleware']
2017-11-10 10:56:40 [scrapy.middleware] INFO: Enabled item pipelines:
['naver_ranking.pipelines.CsvExportPipeline']
2017-11-10 10:56:40 [scrapy.core.engine] INFO: Spider opened
2017-11-10 10:56:40 [scrapy.utils.signal] ERROR: Error caught on signal handler: <bound method CsvExportPipeline.spider_opened of <naver_ranking.pipelines.CsvExportPipeline object at 0x7f788ea86588>>
Traceback (most recent call last):
  File "/home/ham/Envs/scrapy/lib/python3.5/site-packages/twisted/internet/defer.py", line 150, in maybeDeferred
    result = f(*args, **kw)
  File "/home/ham/Envs/scrapy/lib/python3.5/site-packages/pydispatch/robustapply.py", line 55, in robustApply
    return receiver(*arguments, **named)
  File "/home/ham/Envs/scrapy/MyProject/naver_ranking/naver_ranking/pipelines.py", line 41, in spider_opened
    file = open(spider.tmpFile, 'w+b')
AttributeError: 'DefaultSpider' object has no attribute 'tmpFile'
2017-11-10 17:48:51 [scrapy.utils.log] INFO: Scrapy 1.3.3 started (bot: naver_ranking)
2017-11-10 17:48:51 [scrapy.utils.log] INFO: Overridden settings: {'BOT_NAME': 'naver_ranking', 'LOGSTATS_INTERVAL': 0, 'NEWSPIDER_MODULE': 'naver_ranking.spiders', 'DUPEFILTER_CLASS': 'scrapy.dupefilters.BaseDupeFilter', 'LOG_LEVEL': 20, 'LOG_FILE': 'logfile.log', 'SPIDER_MODULES': ['naver_ranking.spiders']}
2017-11-10 17:48:51 [scrapy.middleware] INFO: Enabled extensions:
['scrapy.extensions.telnet.TelnetConsole',
 'scrapy.extensions.corestats.CoreStats']
2017-11-10 17:48:51 [scrapy.middleware] INFO: Enabled downloader middlewares:
['scrapy.downloadermiddlewares.httpauth.HttpAuthMiddleware',
 'scrapy.downloadermiddlewares.downloadtimeout.DownloadTimeoutMiddleware',
 'scrapy.downloadermiddlewares.defaultheaders.DefaultHeadersMiddleware',
 'scrapy.downloadermiddlewares.useragent.UserAgentMiddleware',
 'scrapy.downloadermiddlewares.retry.RetryMiddleware',
 'scrapy.downloadermiddlewares.redirect.MetaRefreshMiddleware',
 'scrapy.downloadermiddlewares.httpcompression.HttpCompressionMiddleware',
 'scrapy.downloadermiddlewares.redirect.RedirectMiddleware',
 'scrapy.downloadermiddlewares.cookies.CookiesMiddleware',
 'scrapy.downloadermiddlewares.stats.DownloaderStats']
2017-11-10 17:48:51 [scrapy.middleware] INFO: Enabled spider middlewares:
['scrapy.spidermiddlewares.httperror.HttpErrorMiddleware',
 'scrapy.spidermiddlewares.offsite.OffsiteMiddleware',
 'scrapy.spidermiddlewares.referer.RefererMiddleware',
 'scrapy.spidermiddlewares.urllength.UrlLengthMiddleware',
 'scrapy.spidermiddlewares.depth.DepthMiddleware']
2017-11-10 17:48:51 [scrapy.middleware] INFO: Enabled item pipelines:
['naver_ranking.pipelines.CsvExportPipeline']
2017-11-10 17:48:51 [scrapy.core.engine] INFO: Spider opened
2017-11-10 17:48:52 [scrapy.utils.signal] ERROR: Error caught on signal handler: <bound method CsvExportPipeline.spider_opened of <naver_ranking.pipelines.CsvExportPipeline object at 0x7f6b15ea0588>>
Traceback (most recent call last):
  File "/home/ham/Envs/scrapy/lib/python3.5/site-packages/twisted/internet/defer.py", line 150, in maybeDeferred
    result = f(*args, **kw)
  File "/home/ham/Envs/scrapy/lib/python3.5/site-packages/pydispatch/robustapply.py", line 55, in robustApply
    return receiver(*arguments, **named)
  File "/home/ham/Envs/scrapy/MyProject/naver_ranking/naver_ranking/pipelines.py", line 41, in spider_opened
    file = open(spider.tmpFile, 'w+b')
AttributeError: 'DefaultSpider' object has no attribute 'tmpFile'
2017-11-10 17:50:58 [scrapy.utils.log] INFO: Scrapy 1.3.3 started (bot: naver_ranking)
2017-11-10 17:50:58 [scrapy.utils.log] INFO: Overridden settings: {'SPIDER_MODULES': ['naver_ranking.spiders'], 'LOG_FILE': 'logfile.log', 'NEWSPIDER_MODULE': 'naver_ranking.spiders', 'BOT_NAME': 'naver_ranking', 'LOGSTATS_INTERVAL': 0, 'LOG_LEVEL': 20, 'DUPEFILTER_CLASS': 'scrapy.dupefilters.BaseDupeFilter'}
2017-11-10 17:50:58 [scrapy.middleware] INFO: Enabled extensions:
['scrapy.extensions.telnet.TelnetConsole',
 'scrapy.extensions.corestats.CoreStats']
2017-11-10 17:50:58 [scrapy.middleware] INFO: Enabled downloader middlewares:
['scrapy.downloadermiddlewares.httpauth.HttpAuthMiddleware',
 'scrapy.downloadermiddlewares.downloadtimeout.DownloadTimeoutMiddleware',
 'scrapy.downloadermiddlewares.defaultheaders.DefaultHeadersMiddleware',
 'scrapy.downloadermiddlewares.useragent.UserAgentMiddleware',
 'scrapy.downloadermiddlewares.retry.RetryMiddleware',
 'scrapy.downloadermiddlewares.redirect.MetaRefreshMiddleware',
 'scrapy.downloadermiddlewares.httpcompression.HttpCompressionMiddleware',
 'scrapy.downloadermiddlewares.redirect.RedirectMiddleware',
 'scrapy.downloadermiddlewares.cookies.CookiesMiddleware',
 'scrapy.downloadermiddlewares.stats.DownloaderStats']
2017-11-10 17:50:58 [scrapy.middleware] INFO: Enabled spider middlewares:
['scrapy.spidermiddlewares.httperror.HttpErrorMiddleware',
 'scrapy.spidermiddlewares.offsite.OffsiteMiddleware',
 'scrapy.spidermiddlewares.referer.RefererMiddleware',
 'scrapy.spidermiddlewares.urllength.UrlLengthMiddleware',
 'scrapy.spidermiddlewares.depth.DepthMiddleware']
2017-11-10 17:50:58 [scrapy.middleware] INFO: Enabled item pipelines:
['naver_ranking.pipelines.CsvExportPipeline']
2017-11-10 17:50:58 [scrapy.core.engine] INFO: Spider opened
2017-11-10 17:50:58 [scrapy.utils.signal] ERROR: Error caught on signal handler: <bound method CsvExportPipeline.spider_opened of <naver_ranking.pipelines.CsvExportPipeline object at 0x7f516d076588>>
Traceback (most recent call last):
  File "/home/ham/Envs/scrapy/lib/python3.5/site-packages/twisted/internet/defer.py", line 150, in maybeDeferred
    result = f(*args, **kw)
  File "/home/ham/Envs/scrapy/lib/python3.5/site-packages/pydispatch/robustapply.py", line 55, in robustApply
    return receiver(*arguments, **named)
  File "/home/ham/Envs/scrapy/MyProject/naver_ranking/naver_ranking/pipelines.py", line 41, in spider_opened
    file = open(spider.tmpFile, 'w+b')
AttributeError: 'DefaultSpider' object has no attribute 'tmpFile'
2017-11-10 18:22:35 [scrapy.utils.log] INFO: Scrapy 1.3.3 started (bot: naver_ranking)
2017-11-10 18:22:35 [scrapy.utils.log] INFO: Overridden settings: {'LOG_LEVEL': 20, 'DUPEFILTER_CLASS': 'scrapy.dupefilters.BaseDupeFilter', 'BOT_NAME': 'naver_ranking', 'LOGSTATS_INTERVAL': 0, 'SPIDER_MODULES': ['naver_ranking.spiders'], 'NEWSPIDER_MODULE': 'naver_ranking.spiders', 'LOG_FILE': 'logfile.log'}
2017-11-10 18:22:35 [scrapy.middleware] INFO: Enabled extensions:
['scrapy.extensions.corestats.CoreStats',
 'scrapy.extensions.telnet.TelnetConsole']
2017-11-10 18:22:35 [scrapy.middleware] INFO: Enabled downloader middlewares:
['scrapy.downloadermiddlewares.httpauth.HttpAuthMiddleware',
 'scrapy.downloadermiddlewares.downloadtimeout.DownloadTimeoutMiddleware',
 'scrapy.downloadermiddlewares.defaultheaders.DefaultHeadersMiddleware',
 'scrapy.downloadermiddlewares.useragent.UserAgentMiddleware',
 'scrapy.downloadermiddlewares.retry.RetryMiddleware',
 'scrapy.downloadermiddlewares.redirect.MetaRefreshMiddleware',
 'scrapy.downloadermiddlewares.httpcompression.HttpCompressionMiddleware',
 'scrapy.downloadermiddlewares.redirect.RedirectMiddleware',
 'scrapy.downloadermiddlewares.cookies.CookiesMiddleware',
 'scrapy.downloadermiddlewares.stats.DownloaderStats']
2017-11-10 18:22:35 [scrapy.middleware] INFO: Enabled spider middlewares:
['scrapy.spidermiddlewares.httperror.HttpErrorMiddleware',
 'scrapy.spidermiddlewares.offsite.OffsiteMiddleware',
 'scrapy.spidermiddlewares.referer.RefererMiddleware',
 'scrapy.spidermiddlewares.urllength.UrlLengthMiddleware',
 'scrapy.spidermiddlewares.depth.DepthMiddleware']
2017-11-10 18:22:35 [scrapy.middleware] INFO: Enabled item pipelines:
['naver_ranking.pipelines.CsvExportPipeline']
2017-11-10 18:22:35 [scrapy.core.engine] INFO: Spider opened
2017-11-10 18:22:35 [scrapy.utils.signal] ERROR: Error caught on signal handler: <bound method CsvExportPipeline.spider_opened of <naver_ranking.pipelines.CsvExportPipeline object at 0x7fb698279588>>
Traceback (most recent call last):
  File "/home/ham/Envs/scrapy/lib/python3.5/site-packages/twisted/internet/defer.py", line 150, in maybeDeferred
    result = f(*args, **kw)
  File "/home/ham/Envs/scrapy/lib/python3.5/site-packages/pydispatch/robustapply.py", line 55, in robustApply
    return receiver(*arguments, **named)
  File "/home/ham/Envs/scrapy/MyProject/naver_ranking/naver_ranking/pipelines.py", line 41, in spider_opened
    file = open(spider.tmpFile, 'w+b')
AttributeError: 'DefaultSpider' object has no attribute 'tmpFile'
2017-11-10 18:26:26 [scrapy.utils.log] INFO: Scrapy 1.3.3 started (bot: naver_ranking)
2017-11-10 18:26:26 [scrapy.utils.log] INFO: Overridden settings: {'BOT_NAME': 'naver_ranking', 'LOGSTATS_INTERVAL': 0, 'SPIDER_MODULES': ['naver_ranking.spiders'], 'LOG_FILE': 'logfile.log', 'LOG_LEVEL': 20, 'NEWSPIDER_MODULE': 'naver_ranking.spiders', 'DUPEFILTER_CLASS': 'scrapy.dupefilters.BaseDupeFilter'}
2017-11-10 18:26:26 [scrapy.middleware] INFO: Enabled extensions:
['scrapy.extensions.telnet.TelnetConsole',
 'scrapy.extensions.corestats.CoreStats']
2017-11-10 18:26:26 [scrapy.middleware] INFO: Enabled downloader middlewares:
['scrapy.downloadermiddlewares.httpauth.HttpAuthMiddleware',
 'scrapy.downloadermiddlewares.downloadtimeout.DownloadTimeoutMiddleware',
 'scrapy.downloadermiddlewares.defaultheaders.DefaultHeadersMiddleware',
 'scrapy.downloadermiddlewares.useragent.UserAgentMiddleware',
 'scrapy.downloadermiddlewares.retry.RetryMiddleware',
 'scrapy.downloadermiddlewares.redirect.MetaRefreshMiddleware',
 'scrapy.downloadermiddlewares.httpcompression.HttpCompressionMiddleware',
 'scrapy.downloadermiddlewares.redirect.RedirectMiddleware',
 'scrapy.downloadermiddlewares.cookies.CookiesMiddleware',
 'scrapy.downloadermiddlewares.stats.DownloaderStats']
2017-11-10 18:26:26 [scrapy.middleware] INFO: Enabled spider middlewares:
['scrapy.spidermiddlewares.httperror.HttpErrorMiddleware',
 'scrapy.spidermiddlewares.offsite.OffsiteMiddleware',
 'scrapy.spidermiddlewares.referer.RefererMiddleware',
 'scrapy.spidermiddlewares.urllength.UrlLengthMiddleware',
 'scrapy.spidermiddlewares.depth.DepthMiddleware']
2017-11-10 18:26:26 [scrapy.middleware] INFO: Enabled item pipelines:
['naver_ranking.pipelines.CsvExportPipeline']
2017-11-10 18:26:26 [scrapy.core.engine] INFO: Spider opened
2017-11-10 18:26:26 [scrapy.utils.signal] ERROR: Error caught on signal handler: <bound method CsvExportPipeline.spider_opened of <naver_ranking.pipelines.CsvExportPipeline object at 0x7f59e451e588>>
Traceback (most recent call last):
  File "/home/ham/Envs/scrapy/lib/python3.5/site-packages/twisted/internet/defer.py", line 150, in maybeDeferred
    result = f(*args, **kw)
  File "/home/ham/Envs/scrapy/lib/python3.5/site-packages/pydispatch/robustapply.py", line 55, in robustApply
    return receiver(*arguments, **named)
  File "/home/ham/Envs/scrapy/MyProject/naver_ranking/naver_ranking/pipelines.py", line 41, in spider_opened
    file = open(spider.tmpFile, 'w+b')
AttributeError: 'DefaultSpider' object has no attribute 'tmpFile'
2017-11-10 18:52:22 [scrapy.utils.log] INFO: Scrapy 1.3.3 started (bot: naver_ranking)
2017-11-10 18:52:22 [scrapy.utils.log] INFO: Overridden settings: {'SPIDER_MODULES': ['naver_ranking.spiders'], 'LOGSTATS_INTERVAL': 0, 'LOG_LEVEL': 20, 'NEWSPIDER_MODULE': 'naver_ranking.spiders', 'DUPEFILTER_CLASS': 'scrapy.dupefilters.BaseDupeFilter', 'LOG_FILE': 'logfile.log', 'BOT_NAME': 'naver_ranking'}
2017-11-10 18:52:22 [scrapy.middleware] INFO: Enabled extensions:
['scrapy.extensions.corestats.CoreStats',
 'scrapy.extensions.telnet.TelnetConsole']
2017-11-10 18:52:22 [scrapy.middleware] INFO: Enabled downloader middlewares:
['scrapy.downloadermiddlewares.httpauth.HttpAuthMiddleware',
 'scrapy.downloadermiddlewares.downloadtimeout.DownloadTimeoutMiddleware',
 'scrapy.downloadermiddlewares.defaultheaders.DefaultHeadersMiddleware',
 'scrapy.downloadermiddlewares.useragent.UserAgentMiddleware',
 'scrapy.downloadermiddlewares.retry.RetryMiddleware',
 'scrapy.downloadermiddlewares.redirect.MetaRefreshMiddleware',
 'scrapy.downloadermiddlewares.httpcompression.HttpCompressionMiddleware',
 'scrapy.downloadermiddlewares.redirect.RedirectMiddleware',
 'scrapy.downloadermiddlewares.cookies.CookiesMiddleware',
 'scrapy.downloadermiddlewares.stats.DownloaderStats']
2017-11-10 18:52:22 [scrapy.middleware] INFO: Enabled spider middlewares:
['scrapy.spidermiddlewares.httperror.HttpErrorMiddleware',
 'scrapy.spidermiddlewares.offsite.OffsiteMiddleware',
 'scrapy.spidermiddlewares.referer.RefererMiddleware',
 'scrapy.spidermiddlewares.urllength.UrlLengthMiddleware',
 'scrapy.spidermiddlewares.depth.DepthMiddleware']
2017-11-10 18:52:22 [scrapy.middleware] INFO: Enabled item pipelines:
['naver_ranking.pipelines.CsvExportPipeline']
2017-11-10 18:52:22 [scrapy.core.engine] INFO: Spider opened
2017-11-10 18:52:22 [scrapy.utils.signal] ERROR: Error caught on signal handler: <bound method CsvExportPipeline.spider_opened of <naver_ranking.pipelines.CsvExportPipeline object at 0x7f377efdc588>>
Traceback (most recent call last):
  File "/home/ham/Envs/scrapy/lib/python3.5/site-packages/twisted/internet/defer.py", line 150, in maybeDeferred
    result = f(*args, **kw)
  File "/home/ham/Envs/scrapy/lib/python3.5/site-packages/pydispatch/robustapply.py", line 55, in robustApply
    return receiver(*arguments, **named)
  File "/home/ham/Envs/scrapy/MyProject/naver_ranking/naver_ranking/pipelines.py", line 41, in spider_opened
    file = open(spider.tmpFile, 'w+b')
AttributeError: 'DefaultSpider' object has no attribute 'tmpFile'
2017-11-10 23:01:25 [scrapy.utils.log] INFO: Scrapy 1.3.3 started (bot: naver_ranking)
2017-11-10 23:01:25 [scrapy.utils.log] INFO: Overridden settings: {'SPIDER_MODULES': ['naver_ranking.spiders'], 'BOT_NAME': 'naver_ranking', 'DUPEFILTER_CLASS': 'scrapy.dupefilters.BaseDupeFilter', 'LOG_LEVEL': 20, 'LOG_FILE': 'logfile.log', 'NEWSPIDER_MODULE': 'naver_ranking.spiders', 'LOGSTATS_INTERVAL': 0}
2017-11-10 23:01:25 [scrapy.middleware] INFO: Enabled extensions:
['scrapy.extensions.corestats.CoreStats',
 'scrapy.extensions.telnet.TelnetConsole']
2017-11-10 23:01:25 [scrapy.middleware] INFO: Enabled downloader middlewares:
['scrapy.downloadermiddlewares.httpauth.HttpAuthMiddleware',
 'scrapy.downloadermiddlewares.downloadtimeout.DownloadTimeoutMiddleware',
 'scrapy.downloadermiddlewares.defaultheaders.DefaultHeadersMiddleware',
 'scrapy.downloadermiddlewares.useragent.UserAgentMiddleware',
 'scrapy.downloadermiddlewares.retry.RetryMiddleware',
 'scrapy.downloadermiddlewares.redirect.MetaRefreshMiddleware',
 'scrapy.downloadermiddlewares.httpcompression.HttpCompressionMiddleware',
 'scrapy.downloadermiddlewares.redirect.RedirectMiddleware',
 'scrapy.downloadermiddlewares.cookies.CookiesMiddleware',
 'scrapy.downloadermiddlewares.stats.DownloaderStats']
2017-11-10 23:01:25 [scrapy.middleware] INFO: Enabled spider middlewares:
['scrapy.spidermiddlewares.httperror.HttpErrorMiddleware',
 'scrapy.spidermiddlewares.offsite.OffsiteMiddleware',
 'scrapy.spidermiddlewares.referer.RefererMiddleware',
 'scrapy.spidermiddlewares.urllength.UrlLengthMiddleware',
 'scrapy.spidermiddlewares.depth.DepthMiddleware']
2017-11-10 23:01:25 [scrapy.middleware] INFO: Enabled item pipelines:
['naver_ranking.pipelines.CsvExportPipeline']
2017-11-10 23:01:25 [scrapy.core.engine] INFO: Spider opened
2017-11-10 23:01:25 [scrapy.utils.signal] ERROR: Error caught on signal handler: <bound method CsvExportPipeline.spider_opened of <naver_ranking.pipelines.CsvExportPipeline object at 0x7f782570a588>>
Traceback (most recent call last):
  File "/home/ham/Envs/scrapy/lib/python3.5/site-packages/twisted/internet/defer.py", line 150, in maybeDeferred
    result = f(*args, **kw)
  File "/home/ham/Envs/scrapy/lib/python3.5/site-packages/pydispatch/robustapply.py", line 55, in robustApply
    return receiver(*arguments, **named)
  File "/home/ham/Envs/scrapy/MyProject/naver_ranking/naver_ranking/pipelines.py", line 41, in spider_opened
    file = open(spider.tmpFile, 'w+b')
AttributeError: 'DefaultSpider' object has no attribute 'tmpFile'
